
 VEGAS:
 ======
 ABSERR    =     0.00000    
 POINTS    =      10000          ITERATIONS   =     5

 GLUON FUSION: GG --> HIGGS
 ==========================

 P P COLLIDER
 ============
 ENERGY        =     13.0000     TEV

   LO-LAMBDA_5 =    0.254973     GEV    LO-ALPHA_S (M_Z) =    0.118000    
  NLO-LAMBDA_5 =    0.255099     GEV   NLO-ALPHA_S (M_Z) =    0.118000    

 T-MASS        =     172.500     GEV     B-MASS    =     4.84131     GEV
 C-MASS        =     1.43131     GEV

 HIGGS  = H
 ============================================================
 M_H       =     20.0000      GEV
 REN-SCALE =     10.0000      GEV   FAC-SCALE =     10.0000      GEV
 G^H_B     =     0.00000      G^H_T     =     0.00000    
 G^H_C     =     1.00000      C^H_G     =     0.00000    
 G^H_CTG   =    0.494066-323
 SIG0      =     10.8862     +-    0.100929E-04  PB
 SIG1_VIRT =     4.34823     +-    0.403133E-05  PB
 SIG1_GG   =     7.44937     +-    0.361905E-01  PB
 SIG1_GQ   =    -1.15632     +-    0.773557E-02  PB
 SIG1_QQB  =    0.224695E-03 +-    0.180998E-06  PB
 SIG_LO    =     10.8862     +-    0.100929E-04  PB
 SIG_NLO   =     21.5277     +-    0.370080E-01  PB

