
 VEGAS:
 ======
 ABSERR    =     0.00000    
 POINTS    =      10000          ITERATIONS   =     5

 GLUON FUSION: GG --> HIGGS
 ==========================

 P P COLLIDER
 ============
 ENERGY        =     13.0000     TEV

   LO-LAMBDA_5 =    0.254973     GEV    LO-ALPHA_S (M_Z) =    0.118000    
  NLO-LAMBDA_5 =    0.255099     GEV   NLO-ALPHA_S (M_Z) =    0.118000    

 T-MASS        =     172.500     GEV     B-MASS    =     4.84131     GEV
 C-MASS        =     1.43131     GEV

 HIGGS  = H
 ============================================================
 M_H       =     20.0000      GEV
 REN-SCALE =     10.0000      GEV   FAC-SCALE =     10.0000      GEV
 G^H_B     =     2.00000      G^H_T     =     0.00000    
 G^H_C     =     0.00000      C^H_G     =     0.00000    
 G^H_CTG   =    0.494066-323
 SIG0      =     949.122     +-    0.879951E-03  PB
 SIG1_VIRT =     506.286     +-    0.469389E-03  PB
 SIG1_GG   =     871.591     +-     2.30728      PB
 SIG1_GQ   =    -18.4353     +-    0.500051      PB
 SIG1_QQB  =    0.516247E-01 +-    0.414136E-04  PB
 SIG_LO    =     949.122     +-    0.879951E-03  PB
 SIG_NLO   =     2308.62     +-     2.36085      PB

