
 VEGAS:
 ======
 ABSERR    =     0.00000    
 POINTS    =      10000          ITERATIONS   =     5

 GLUON FUSION: GG --> HIGGS
 ==========================

 P P COLLIDER
 ============
 ENERGY        =     13.0000     TEV

   LO-LAMBDA_5 =    0.254973     GEV    LO-ALPHA_S (M_Z) =    0.118000    
  NLO-LAMBDA_5 =    0.255099     GEV   NLO-ALPHA_S (M_Z) =    0.118000    

 T-MASS        =     172.500     GEV     B-MASS    =     4.84131     GEV
 C-MASS        =     1.43131     GEV

 HIGGS  = H
 ============================================================
 M_H       =     20.0000      GEV
 REN-SCALE =     10.0000      GEV   FAC-SCALE =     10.0000      GEV
 G^H_B     =     1.00000      G^H_T     =     0.00000    
 G^H_C     =     0.00000      C^H_G     =     0.00000    
 G^H_CTG   =    0.494066-323
 SIG0      =     237.280     +-    0.219988E-03  PB
 SIG1_VIRT =     126.572     +-    0.117347E-03  PB
 SIG1_GG   =     217.898     +-    0.576820      PB
 SIG1_GQ   =    -4.60883     +-    0.125013      PB
 SIG1_QQB  =    0.129062E-01 +-    0.103534E-04  PB
 SIG_LO    =     237.280     +-    0.219988E-03  PB
 SIG_NLO   =     577.154     +-    0.590212      PB

